# JRE version: OpenJDK Runtime Environment Temurin-21.0.9+10 (21.0.9+10) (build 21.0.9+10-LTS)
# Java VM: OpenJDK 64-Bit Server VM Temurin-21.0.9+10 (21.0.9+10-LTS, mixed mode, sharing, tiered, compressed oops, compressed class ptrs, parallel gc, windows-amd64)
GC Precious Log:
 CardTable entry size: 512
 CPUs: 8 total, 8 available
 Memory: 7971M
 Large Page Support: Disabled
 NUMA Support: Disabled
 Compressed Oops: Enabled (32-bit)
 Alignments: Space 512K, Generation 512K, Heap 2M
 Heap Min Capacity: 100M
 Heap Initial Capacity: 100M
 Heap Max Capacity: 2G
 Pre-touch: Disabled
 Parallel Workers: 8
Heap:
 PSYoungGen      total 2048K, used 1368K [0x00000000d5580000, 0x00000000d5900000, 0x0000000100000000)
  eden space 1536K, 66% used [0x00000000d5580000,0x00000000d567e348,0x00000000d5700000)
  from space 512K, 68% used [0x00000000d5880000,0x00000000d58d8000,0x00000000d5900000)
  to   space 512K, 0% used [0x00000000d5800000,0x00000000d5800000,0x00000000d5880000)
 ParOldGen       total 200704K, used 144895K [0x0000000080000000, 0x000000008c400000, 0x00000000d5580000)
  object space 200704K, 72% used [0x0000000080000000,0x0000000088d7fef8,0x000000008c400000)
 Metaspace       used 75808K, committed 77440K, reserved 1179648K
  class space    used 7532K, committed 8256K, reserved 1048576K
GC Heap History (20 events):
Event: 3201.705 GC heap before
{Heap before GC invocations=549 (full 4):
 PSYoungGen      total 2048K, used 1792K [0x00000000d5580000, 0x00000000d5900000, 0x0000000100000000)
  eden space 1536K, 100% used [0x00000000d5580000,0x00000000d5700000,0x00000000d5700000)
  from space 512K, 50% used [0x00000000d5880000,0x00000000d58c0000,0x00000000d5900000)
  to   space 512K, 0% used [0x00000000d5800000,0x00000000d5800000,0x00000000d5880000)
 ParOldGen       total 200704K, used 143871K [0x0000000080000000, 0x000000008c400000, 0x00000000d5580000)
  object space 200704K, 71% used [0x0000000080000000,0x0000000088c7fef8,0x000000008c400000)
 Metaspace       used 75769K, committed 77440K, reserved 1179648K
  class space    used 7532K, committed 8256K, reserved 1048576K
}
Event: 3201.708 GC heap after
{Heap after GC invocations=549 (full 4):
 PSYoungGen      total 2048K, used 224K [0x00000000d5580000, 0x00000000d5900000, 0x0000000100000000)
  eden space 1536K, 0% used [0x00000000d5580000,0x00000000d5580000,0x00000000d5700000)
  from space 512K, 43% used [0x00000000d5800000,0x00000000d5838000,0x00000000d5880000)
  to   space 512K, 0% used [0x00000000d5880000,0x00000000d5880000,0x00000000d5900000)
 ParOldGen       total 200704K, used 143935K [0x0000000080000000, 0x000000008c400000, 0x00000000d5580000)
  object space 200704K, 71% used [0x0000000080000000,0x0000000088c8fef8,0x000000008c400000)
 Metaspace       used 75769K, committed 77440K, reserved 1179648K
  class space    used 7532K, committed 8256K, reserved 1048576K
}
Event: 3201.755 GC heap before
{Heap before GC invocations=550 (full 4):
 PSYoungGen      total 2048K, used 1760K [0x00000000d5580000, 0x00000000d5900000, 0x0000000100000000)
  eden space 1536K, 100% used [0x00000000d5580000,0x00000000d5700000,0x00000000d5700000)
  from space 512K, 43% used [0x00000000d5800000,0x00000000d5838000,0x00000000d5880000)
  to   space 512K, 0% used [0x00000000d5880000,0x00000000d5880000,0x00000000d5900000)
 ParOldGen       total 200704K, used 143935K [0x0000000080000000, 0x000000008c400000, 0x00000000d5580000)
  object space 200704K, 71% used [0x0000000080000000,0x0000000088c8fef8,0x000000008c400000)
 Metaspace       used 75769K, committed 77440K, reserved 1179648K
  class space    used 7532K, committed 8256K, reserved 1048576K
}
Event: 3201.757 GC heap after
{Heap after GC invocations=550 (full 4):
 PSYoungGen      total 2048K, used 224K [0x00000000d5580000, 0x00000000d5900000, 0x0000000100000000)
  eden space 1536K, 0% used [0x00000000d5580000,0x00000000d5580000,0x00000000d5700000)
  from space 512K, 43% used [0x00000000d5880000,0x00000000d58b8000,0x00000000d5900000)
  to   space 512K, 0% used [0x00000000d5800000,0x00000000d5800000,0x00000000d5880000)
 ParOldGen       total 200704K, used 144023K [0x0000000080000000, 0x000000008c400000, 0x00000000d5580000)
  object space 200704K, 71% used [0x0000000080000000,0x0000000088ca5ef8,0x000000008c400000)
 Metaspace       used 75769K, committed 77440K, reserved 1179648K
  class space    used 7532K, committed 8256K, reserved 1048576K
}
Event: 3201.811 GC heap before
{Heap before GC invocations=551 (full 4):
 PSYoungGen      total 2048K, used 1760K [0x00000000d5580000, 0x00000000d5900000, 0x0000000100000000)
  eden space 1536K, 100% used [0x00000000d5580000,0x00000000d5700000,0x00000000d5700000)
  from space 512K, 43% used [0x00000000d5880000,0x00000000d58b8000,0x00000000d5900000)
  to   space 512K, 0% used [0x00000000d5800000,0x00000000d5800000,0x00000000d5880000)
 ParOldGen       total 200704K, used 144023K [0x0000000080000000, 0x000000008c400000, 0x00000000d5580000)
  object space 200704K, 71% used [0x0000000080000000,0x0000000088ca5ef8,0x000000008c400000)
 Metaspace       used 75769K, committed 77440K, reserved 1179648K
  class space    used 7532K, committed 8256K, reserved 1048576K
}
Event: 3201.813 GC heap after
{Heap after GC invocations=551 (full 4):
 PSYoungGen      total 2048K, used 256K [0x00000000d5580000, 0x00000000d5900000, 0x0000000100000000)
  eden space 1536K, 0% used [0x00000000d5580000,0x00000000d5580000,0x00000000d5700000)
  from space 512K, 50% used [0x00000000d5800000,0x00000000d5840000,0x00000000d5880000)
  to   space 512K, 0% used [0x00000000d5880000,0x00000000d5880000,0x00000000d5900000)
 ParOldGen       total 200704K, used 144119K [0x0000000080000000, 0x000000008c400000, 0x00000000d5580000)
  object space 200704K, 71% used [0x0000000080000000,0x0000000088cbdef8,0x000000008c400000)
 Metaspace       used 75769K, committed 77440K, reserved 1179648K
  class space    used 7532K, committed 8256K, reserved 1048576K
}
Event: 3201.873 GC heap before
{Heap before GC invocations=552 (full 4):
 PSYoungGen      total 2048K, used 1792K [0x00000000d5580000, 0x00000000d5900000, 0x0000000100000000)
  eden space 1536K, 100% used [0x00000000d5580000,0x00000000d5700000,0x00000000d5700000)
  from space 512K, 50% used [0x00000000d5800000,0x00000000d5840000,0x00000000d5880000)
  to   space 512K, 0% used [0x00000000d5880000,0x00000000d5880000,0x00000000d5900000)
 ParOldGen       total 200704K, used 144119K [0x0000000080000000, 0x000000008c400000, 0x00000000d5580000)
  object space 200704K, 71% used [0x0000000080000000,0x0000000088cbdef8,0x000000008c400000)
 Metaspace       used 75769K, committed 77440K, reserved 1179648K
  class space    used 7532K, committed 8256K, reserved 1048576K
}
Event: 3201.875 GC heap after
{Heap after GC invocations=552 (full 4):
 PSYoungGen      total 2048K, used 224K [0x00000000d5580000, 0x00000000d5900000, 0x0000000100000000)
  eden space 1536K, 0% used [0x00000000d5580000,0x00000000d5580000,0x00000000d5700000)
  from space 512K, 43% used [0x00000000d5880000,0x00000000d58b8000,0x00000000d5900000)
  to   space 512K, 0% used [0x00000000d5800000,0x00000000d5800000,0x00000000d5880000)
 ParOldGen       total 200704K, used 144263K [0x0000000080000000, 0x000000008c400000, 0x00000000d5580000)
  object space 200704K, 71% used [0x0000000080000000,0x0000000088ce1ef8,0x000000008c400000)
 Metaspace       used 75769K, committed 77440K, reserved 1179648K
  class space    used 7532K, committed 8256K, reserved 1048576K
}
Event: 3201.913 GC heap before
{Heap before GC invocations=553 (full 4):
 PSYoungGen      total 2048K, used 1760K [0x00000000d5580000, 0x00000000d5900000, 0x0000000100000000)
  eden space 1536K, 100% used [0x00000000d5580000,0x00000000d5700000,0x00000000d5700000)
  from space 512K, 43% used [0x00000000d5880000,0x00000000d58b8000,0x00000000d5900000)
  to   space 512K, 0% used [0x00000000d5800000,0x00000000d5800000,0x00000000d5880000)
 ParOldGen       total 200704K, used 144263K [0x0000000080000000, 0x000000008c400000, 0x00000000d5580000)
  object space 200704K, 71% used [0x0000000080000000,0x0000000088ce1ef8,0x000000008c400000)
 Metaspace       used 75769K, committed 77440K, reserved 1179648K
  class space    used 7532K, committed 8256K, reserved 1048576K
}
Event: 3201.916 GC heap after
{Heap after GC invocations=553 (full 4):
 PSYoungGen      total 2048K, used 256K [0x00000000d5580000, 0x00000000d5900000, 0x0000000100000000)
  eden space 1536K, 0% used [0x00000000d5580000,0x00000000d5580000,0x00000000d5700000)
  from space 512K, 50% used [0x00000000d5800000,0x00000000d5840000,0x00000000d5880000)
  to   space 512K, 0% used [0x00000000d5880000,0x00000000d5880000,0x00000000d5900000)
 ParOldGen       total 200704K, used 144391K [0x0000000080000000, 0x000000008c400000, 0x00000000d5580000)
  object space 200704K, 71% used [0x0000000080000000,0x0000000088d01ef8,0x000000008c400000)
 Metaspace       used 75769K, committed 77440K, reserved 1179648K
  class space    used 7532K, committed 8256K, reserved 1048576K
}
Event: 3201.947 GC heap before
{Heap before GC invocations=554 (full 4):
 PSYoungGen      total 2048K, used 1792K [0x00000000d5580000, 0x00000000d5900000, 0x0000000100000000)
  eden space 1536K, 100% used [0x00000000d5580000,0x00000000d5700000,0x00000000d5700000)
  from space 512K, 50% used [0x00000000d5800000,0x00000000d5840000,0x00000000d5880000)
  to   space 512K, 0% used [0x00000000d5880000,0x00000000d5880000,0x00000000d5900000)
 ParOldGen       total 200704K, used 144391K [0x0000000080000000, 0x000000008c400000, 0x00000000d5580000)
  object space 200704K, 71% used [0x0000000080000000,0x0000000088d01ef8,0x000000008c400000)
 Metaspace       used 75769K, committed 77440K, reserved 1179648K
  class space    used 7532K, committed 8256K, reserved 1048576K
}
Event: 3201.950 GC heap after
{Heap after GC invocations=554 (full 4):
 PSYoungGen      total 2048K, used 192K [0x00000000d5580000, 0x00000000d5900000, 0x0000000100000000)
  eden space 1536K, 0% used [0x00000000d5580000,0x00000000d5580000,0x00000000d5700000)
  from space 512K, 37% used [0x00000000d5880000,0x00000000d58b0000,0x00000000d5900000)
  to   space 512K, 0% used [0x00000000d5800000,0x00000000d5800000,0x00000000d5880000)
 ParOldGen       total 200704K, used 144503K [0x0000000080000000, 0x000000008c400000, 0x00000000d5580000)
  object space 200704K, 71% used [0x0000000080000000,0x0000000088d1def8,0x000000008c400000)
 Metaspace       used 75769K, committed 77440K, reserved 1179648K
  class space    used 7532K, committed 8256K, reserved 1048576K
}
Event: 3201.981 GC heap before
{Heap before GC invocations=555 (full 4):
 PSYoungGen      total 2048K, used 1727K [0x00000000d5580000, 0x00000000d5900000, 0x0000000100000000)
  eden space 1536K, 99% used [0x00000000d5580000,0x00000000d56ffff8,0x00000000d5700000)
  from space 512K, 37% used [0x00000000d5880000,0x00000000d58b0000,0x00000000d5900000)
  to   space 512K, 0% used [0x00000000d5800000,0x00000000d5800000,0x00000000d5880000)
 ParOldGen       total 200704K, used 144503K [0x0000000080000000, 0x000000008c400000, 0x00000000d5580000)
  object space 200704K, 71% used [0x0000000080000000,0x0000000088d1def8,0x000000008c400000)
 Metaspace       used 75770K, committed 77440K, reserved 1179648K
  class space    used 7532K, committed 8256K, reserved 1048576K
}
Event: 3201.984 GC heap after
{Heap after GC invocations=555 (full 4):
 PSYoungGen      total 2048K, used 192K [0x00000000d5580000, 0x00000000d5900000, 0x0000000100000000)
  eden space 1536K, 0% used [0x00000000d5580000,0x00000000d5580000,0x00000000d5700000)
  from space 512K, 37% used [0x00000000d5800000,0x00000000d5830000,0x00000000d5880000)
  to   space 512K, 0% used [0x00000000d5880000,0x00000000d5880000,0x00000000d5900000)
 ParOldGen       total 200704K, used 144599K [0x0000000080000000, 0x000000008c400000, 0x00000000d5580000)
  object space 200704K, 72% used [0x0000000080000000,0x0000000088d35ef8,0x000000008c400000)
 Metaspace       used 75770K, committed 77440K, reserved 1179648K
  class space    used 7532K, committed 8256K, reserved 1048576K
}
Event: 3202.015 GC heap before
{Heap before GC invocations=556 (full 4):
 PSYoungGen      total 2048K, used 1728K [0x00000000d5580000, 0x00000000d5900000, 0x0000000100000000)
  eden space 1536K, 100% used [0x00000000d5580000,0x00000000d5700000,0x00000000d5700000)
  from space 512K, 37% used [0x00000000d5800000,0x00000000d5830000,0x00000000d5880000)
  to   space 512K, 0% used [0x00000000d5880000,0x00000000d5880000,0x00000000d5900000)
 ParOldGen       total 200704K, used 144599K [0x0000000080000000, 0x000000008c400000, 0x00000000d5580000)
  object space 200704K, 72% used [0x0000000080000000,0x0000000088d35ef8,0x000000008c400000)
 Metaspace       used 75771K, committed 77440K, reserved 1179648K
  class space    used 7532K, committed 8256K, reserved 1048576K
}
Event: 3202.019 GC heap after
{Heap after GC invocations=556 (full 4):
 PSYoungGen      total 2048K, used 224K [0x00000000d5580000, 0x00000000d5900000, 0x0000000100000000)
  eden space 1536K, 0% used [0x00000000d5580000,0x00000000d5580000,0x00000000d5700000)
  from space 512K, 43% used [0x00000000d5880000,0x00000000d58b8000,0x00000000d5900000)
  to   space 512K, 0% used [0x00000000d5800000,0x00000000d5800000,0x00000000d5880000)
 ParOldGen       total 200704K, used 144647K [0x0000000080000000, 0x000000008c400000, 0x00000000d5580000)
  object space 200704K, 72% used [0x0000000080000000,0x0000000088d41ef8,0x000000008c400000)
 Metaspace       used 75771K, committed 77440K, reserved 1179648K
  class space    used 7532K, committed 8256K, reserved 1048576K
}
Event: 3500.555 GC heap before
{Heap before GC invocations=557 (full 4):
 PSYoungGen      total 2048K, used 1760K [0x00000000d5580000, 0x00000000d5900000, 0x0000000100000000)
  eden space 1536K, 100% used [0x00000000d5580000,0x00000000d5700000,0x00000000d5700000)
  from space 512K, 43% used [0x00000000d5880000,0x00000000d58b8000,0x00000000d5900000)
  to   space 512K, 0% used [0x00000000d5800000,0x00000000d5800000,0x00000000d5880000)
 ParOldGen       total 200704K, used 144647K [0x0000000080000000, 0x000000008c400000, 0x00000000d5580000)
  object space 200704K, 72% used [0x0000000080000000,0x0000000088d41ef8,0x000000008c400000)
 Metaspace       used 75799K, committed 77440K, reserved 1179648K
  class space    used 7532K, committed 8256K, reserved 1048576K
}
Event: 3500.573 GC heap after
{Heap after GC invocations=557 (full 4):
 PSYoungGen      total 2048K, used 288K [0x00000000d5580000, 0x00000000d5900000, 0x0000000100000000)
  eden space 1536K, 0% used [0x00000000d5580000,0x00000000d5580000,0x00000000d5700000)
  from space 512K, 56% used [0x00000000d5800000,0x00000000d5848000,0x00000000d5880000)
  to   space 512K, 0% used [0x00000000d5880000,0x00000000d5880000,0x00000000d5900000)
 ParOldGen       total 200704K, used 144687K [0x0000000080000000, 0x000000008c400000, 0x00000000d5580000)
  object space 200704K, 72% used [0x0000000080000000,0x0000000088d4bef8,0x000000008c400000)
 Metaspace       used 75799K, committed 77440K, reserved 1179648K
  class space    used 7532K, committed 8256K, reserved 1048576K
}
Event: 3500.796 GC heap before
{Heap before GC invocations=558 (full 4):
 PSYoungGen      total 2048K, used 1824K [0x00000000d5580000, 0x00000000d5900000, 0x0000000100000000)
  eden space 1536K, 100% used [0x00000000d5580000,0x00000000d5700000,0x00000000d5700000)
  from space 512K, 56% used [0x00000000d5800000,0x00000000d5848000,0x00000000d5880000)
  to   space 512K, 0% used [0x00000000d5880000,0x00000000d5880000,0x00000000d5900000)
 ParOldGen       total 200704K, used 144687K [0x0000000080000000, 0x000000008c400000, 0x00000000d5580000)
  object space 200704K, 72% used [0x0000000080000000,0x0000000088d4bef8,0x000000008c400000)
 Metaspace       used 75805K, committed 77440K, reserved 1179648K
  class space    used 7532K, committed 8256K, reserved 1048576K
}
Event: 3500.800 GC heap after
{Heap after GC invocations=558 (full 4):
 PSYoungGen      total 2048K, used 352K [0x00000000d5580000, 0x00000000d5900000, 0x0000000100000000)
  eden space 1536K, 0% used [0x00000000d5580000,0x00000000d5580000,0x00000000d5700000)
  from space 512K, 68% used [0x00000000d5880000,0x00000000d58d8000,0x00000000d5900000)
  to   space 512K, 0% used [0x00000000d5800000,0x00000000d5800000,0x00000000d5880000)
 ParOldGen       total 200704K, used 144895K [0x0000000080000000, 0x000000008c400000, 0x00000000d5580000)
  object space 200704K, 72% used [0x0000000080000000,0x0000000088d7fef8,0x000000008c400000)
 Metaspace       used 75805K, committed 77440K, reserved 1179648K
  class space    used 7532K, committed 8256K, reserved 1048576K
}

