# JRE version: OpenJDK Runtime Environment Temurin-21.0.9+10 (21.0.9+10) (build 21.0.9+10-LTS)
# Java VM: OpenJDK 64-Bit Server VM Temurin-21.0.9+10 (21.0.9+10-LTS, mixed mode, sharing, tiered, compressed oops, compressed class ptrs, parallel gc, windows-amd64)
GC Precious Log:
 CardTable entry size: 512
 CPUs: 8 total, 8 available
 Memory: 7971M
 Large Page Support: Disabled
 NUMA Support: Disabled
 Compressed Oops: Enabled (32-bit)
 Alignments: Space 512K, Generation 512K, Heap 2M
 Heap Min Capacity: 100M
 Heap Initial Capacity: 100M
 Heap Max Capacity: 2G
 Pre-touch: Disabled
 Parallel Workers: 8
Heap:
 PSYoungGen      total 5632K, used 5120K [0x00000000d5580000, 0x00000000d5c00000, 0x0000000100000000)
  eden space 4608K, 100% used [0x00000000d5580000,0x00000000d5a00000,0x00000000d5a00000)
  from space 1024K, 50% used [0x00000000d5b00000,0x00000000d5b80000,0x00000000d5c00000)
  to   space 1024K, 0% used [0x00000000d5a00000,0x00000000d5a00000,0x00000000d5b00000)
 ParOldGen       total 866816K, used 866458K [0x0000000080000000, 0x00000000b4e80000, 0x00000000d5580000)
  object space 866816K, 99% used [0x0000000080000000,0x00000000b4e26bf8,0x00000000b4e80000)
 Metaspace       used 94887K, committed 96512K, reserved 1179648K
  class space    used 9182K, committed 9984K, reserved 1048576K
GC Heap History (20 events):
Event: 324958.054 GC heap before
{Heap before GC invocations=12623 (full 21):
 PSYoungGen      total 3584K, used 3424K [0x00000000d5580000, 0x00000000d5a80000, 0x0000000100000000)
  eden space 3072K, 100% used [0x00000000d5580000,0x00000000d5880000,0x00000000d5880000)
  from space 512K, 68% used [0x00000000d5a00000,0x00000000d5a58000,0x00000000d5a80000)
  to   space 512K, 0% used [0x00000000d5980000,0x00000000d5980000,0x00000000d5a00000)
 ParOldGen       total 861696K, used 861279K [0x0000000080000000, 0x00000000b4980000, 0x00000000d5580000)
  object space 861696K, 99% used [0x0000000080000000,0x00000000b4917ec8,0x00000000b4980000)
 Metaspace       used 94886K, committed 96512K, reserved 1179648K
  class space    used 9182K, committed 9984K, reserved 1048576K
}
Event: 324958.058 GC heap after
{Heap after GC invocations=12623 (full 21):
 PSYoungGen      total 4608K, used 320K [0x00000000d5580000, 0x00000000d5a80000, 0x0000000100000000)
  eden space 4096K, 0% used [0x00000000d5580000,0x00000000d5580000,0x00000000d5980000)
  from space 512K, 62% used [0x00000000d5980000,0x00000000d59d0000,0x00000000d5a00000)
  to   space 512K, 0% used [0x00000000d5a00000,0x00000000d5a00000,0x00000000d5a80000)
 ParOldGen       total 861696K, used 861543K [0x0000000080000000, 0x00000000b4980000, 0x00000000d5580000)
  object space 861696K, 99% used [0x0000000080000000,0x00000000b4959ee8,0x00000000b4980000)
 Metaspace       used 94886K, committed 96512K, reserved 1179648K
  class space    used 9182K, committed 9984K, reserved 1048576K
}
Event: 324958.069 GC heap before
{Heap before GC invocations=12624 (full 21):
 PSYoungGen      total 4608K, used 4416K [0x00000000d5580000, 0x00000000d5a80000, 0x0000000100000000)
  eden space 4096K, 100% used [0x00000000d5580000,0x00000000d5980000,0x00000000d5980000)
  from space 512K, 62% used [0x00000000d5980000,0x00000000d59d0000,0x00000000d5a00000)
  to   space 512K, 0% used [0x00000000d5a00000,0x00000000d5a00000,0x00000000d5a80000)
 ParOldGen       total 861696K, used 861543K [0x0000000080000000, 0x00000000b4980000, 0x00000000d5580000)
  object space 861696K, 99% used [0x0000000080000000,0x00000000b4959ee8,0x00000000b4980000)
 Metaspace       used 94886K, committed 96512K, reserved 1179648K
  class space    used 9182K, committed 9984K, reserved 1048576K
}
Event: 324958.071 GC heap after
{Heap after GC invocations=12624 (full 21):
 PSYoungGen      total 4608K, used 448K [0x00000000d5580000, 0x00000000d5b80000, 0x0000000100000000)
  eden space 4096K, 0% used [0x00000000d5580000,0x00000000d5580000,0x00000000d5980000)
  from space 512K, 87% used [0x00000000d5a00000,0x00000000d5a70020,0x00000000d5a80000)
  to   space 512K, 0% used [0x00000000d5980000,0x00000000d5980000,0x00000000d5a00000)
 ParOldGen       total 862208K, used 861759K [0x0000000080000000, 0x00000000b4a00000, 0x00000000d5580000)
  object space 862208K, 99% used [0x0000000080000000,0x00000000b498fee8,0x00000000b4a00000)
 Metaspace       used 94886K, committed 96512K, reserved 1179648K
  class space    used 9182K, committed 9984K, reserved 1048576K
}
Event: 324958.082 GC heap before
{Heap before GC invocations=12625 (full 21):
 PSYoungGen      total 4608K, used 4544K [0x00000000d5580000, 0x00000000d5b80000, 0x0000000100000000)
  eden space 4096K, 100% used [0x00000000d5580000,0x00000000d5980000,0x00000000d5980000)
  from space 512K, 87% used [0x00000000d5a00000,0x00000000d5a70020,0x00000000d5a80000)
  to   space 512K, 0% used [0x00000000d5980000,0x00000000d5980000,0x00000000d5a00000)
 ParOldGen       total 862208K, used 861759K [0x0000000080000000, 0x00000000b4a00000, 0x00000000d5580000)
  object space 862208K, 99% used [0x0000000080000000,0x00000000b498fee8,0x00000000b4a00000)
 Metaspace       used 94886K, committed 96512K, reserved 1179648K
  class space    used 9182K, committed 9984K, reserved 1048576K
}
Event: 324958.085 GC heap after
{Heap after GC invocations=12625 (full 21):
 PSYoungGen      total 4608K, used 272K [0x00000000d5580000, 0x00000000d5b80000, 0x0000000100000000)
  eden space 4096K, 0% used [0x00000000d5580000,0x00000000d5580000,0x00000000d5980000)
  from space 512K, 53% used [0x00000000d5980000,0x00000000d59c4010,0x00000000d5a00000)
  to   space 512K, 0% used [0x00000000d5b00000,0x00000000d5b00000,0x00000000d5b80000)
 ParOldGen       total 862208K, used 862109K [0x0000000080000000, 0x00000000b4a00000, 0x00000000d5580000)
  object space 862208K, 99% used [0x0000000080000000,0x00000000b49e74a8,0x00000000b4a00000)
 Metaspace       used 94886K, committed 96512K, reserved 1179648K
  class space    used 9182K, committed 9984K, reserved 1048576K
}
Event: 324958.098 GC heap before
{Heap before GC invocations=12626 (full 21):
 PSYoungGen      total 4608K, used 4368K [0x00000000d5580000, 0x00000000d5b80000, 0x0000000100000000)
  eden space 4096K, 100% used [0x00000000d5580000,0x00000000d5980000,0x00000000d5980000)
  from space 512K, 53% used [0x00000000d5980000,0x00000000d59c4010,0x00000000d5a00000)
  to   space 512K, 0% used [0x00000000d5b00000,0x00000000d5b00000,0x00000000d5b80000)
 ParOldGen       total 862208K, used 862109K [0x0000000080000000, 0x00000000b4a00000, 0x00000000d5580000)
  object space 862208K, 99% used [0x0000000080000000,0x00000000b49e74a8,0x00000000b4a00000)
 Metaspace       used 94886K, committed 96512K, reserved 1179648K
  class space    used 9182K, committed 9984K, reserved 1048576K
}
Event: 324958.101 GC heap after
{Heap after GC invocations=12626 (full 21):
 PSYoungGen      total 5120K, used 512K [0x00000000d5580000, 0x00000000d5c80000, 0x0000000100000000)
  eden space 4608K, 0% used [0x00000000d5580000,0x00000000d5580000,0x00000000d5a00000)
  from space 512K, 100% used [0x00000000d5b00000,0x00000000d5b80000,0x00000000d5b80000)
  to   space 1024K, 0% used [0x00000000d5a00000,0x00000000d5a00000,0x00000000d5b00000)
 ParOldGen       total 862720K, used 862365K [0x0000000080000000, 0x00000000b4a80000, 0x00000000d5580000)
  object space 862720K, 99% used [0x0000000080000000,0x00000000b4a274c8,0x00000000b4a80000)
 Metaspace       used 94886K, committed 96512K, reserved 1179648K
  class space    used 9182K, committed 9984K, reserved 1048576K
}
Event: 324958.126 GC heap before
{Heap before GC invocations=12627 (full 21):
 PSYoungGen      total 5120K, used 5120K [0x00000000d5580000, 0x00000000d5c80000, 0x0000000100000000)
  eden space 4608K, 100% used [0x00000000d5580000,0x00000000d5a00000,0x00000000d5a00000)
  from space 512K, 100% used [0x00000000d5b00000,0x00000000d5b80000,0x00000000d5b80000)
  to   space 1024K, 0% used [0x00000000d5a00000,0x00000000d5a00000,0x00000000d5b00000)
 ParOldGen       total 862720K, used 862365K [0x0000000080000000, 0x00000000b4a80000, 0x00000000d5580000)
  object space 862720K, 99% used [0x0000000080000000,0x00000000b4a274c8,0x00000000b4a80000)
 Metaspace       used 94886K, committed 96512K, reserved 1179648K
  class space    used 9182K, committed 9984K, reserved 1048576K
}
Event: 324958.130 GC heap after
{Heap after GC invocations=12627 (full 21):
 PSYoungGen      total 5632K, used 832K [0x00000000d5580000, 0x00000000d5c00000, 0x0000000100000000)
  eden space 4608K, 0% used [0x00000000d5580000,0x00000000d5580000,0x00000000d5a00000)
  from space 1024K, 81% used [0x00000000d5a00000,0x00000000d5ad0000,0x00000000d5b00000)
  to   space 1024K, 0% used [0x00000000d5b00000,0x00000000d5b00000,0x00000000d5c00000)
 ParOldGen       total 863232K, used 862778K [0x0000000080000000, 0x00000000b4b00000, 0x00000000d5580000)
  object space 863232K, 99% used [0x0000000080000000,0x00000000b4a8eb28,0x00000000b4b00000)
 Metaspace       used 94886K, committed 96512K, reserved 1179648K
  class space    used 9182K, committed 9984K, reserved 1048576K
}
Event: 325150.842 GC heap before
{Heap before GC invocations=12628 (full 21):
 PSYoungGen      total 5632K, used 5439K [0x00000000d5580000, 0x00000000d5c00000, 0x0000000100000000)
  eden space 4608K, 99% used [0x00000000d5580000,0x00000000d59fffc0,0x00000000d5a00000)
  from space 1024K, 81% used [0x00000000d5a00000,0x00000000d5ad0000,0x00000000d5b00000)
  to   space 1024K, 0% used [0x00000000d5b00000,0x00000000d5b00000,0x00000000d5c00000)
 ParOldGen       total 863232K, used 862778K [0x0000000080000000, 0x00000000b4b00000, 0x00000000d5580000)
  object space 863232K, 99% used [0x0000000080000000,0x00000000b4a8eb28,0x00000000b4b00000)
 Metaspace       used 94886K, committed 96512K, reserved 1179648K
  class space    used 9182K, committed 9984K, reserved 1048576K
}
Event: 325150.872 GC heap after
{Heap after GC invocations=12628 (full 21):
 PSYoungGen      total 5632K, used 562K [0x00000000d5580000, 0x00000000d5c00000, 0x0000000100000000)
  eden space 4608K, 0% used [0x00000000d5580000,0x00000000d5580000,0x00000000d5a00000)
  from space 1024K, 54% used [0x00000000d5b00000,0x00000000d5b8c828,0x00000000d5c00000)
  to   space 1024K, 0% used [0x00000000d5a00000,0x00000000d5a00000,0x00000000d5b00000)
 ParOldGen       total 863744K, used 863452K [0x0000000080000000, 0x00000000b4b80000, 0x00000000d5580000)
  object space 863744K, 99% used [0x0000000080000000,0x00000000b4b371c0,0x00000000b4b80000)
 Metaspace       used 94886K, committed 96512K, reserved 1179648K
  class space    used 9182K, committed 9984K, reserved 1048576K
}
Event: 325381.700 GC heap before
{Heap before GC invocations=12629 (full 21):
 PSYoungGen      total 5632K, used 5170K [0x00000000d5580000, 0x00000000d5c00000, 0x0000000100000000)
  eden space 4608K, 100% used [0x00000000d5580000,0x00000000d5a00000,0x00000000d5a00000)
  from space 1024K, 54% used [0x00000000d5b00000,0x00000000d5b8c828,0x00000000d5c00000)
  to   space 1024K, 0% used [0x00000000d5a00000,0x00000000d5a00000,0x00000000d5b00000)
 ParOldGen       total 863744K, used 863452K [0x0000000080000000, 0x00000000b4b80000, 0x00000000d5580000)
  object space 863744K, 99% used [0x0000000080000000,0x00000000b4b371c0,0x00000000b4b80000)
 Metaspace       used 94886K, committed 96512K, reserved 1179648K
  class space    used 9182K, committed 9984K, reserved 1048576K
}
Event: 325381.805 GC heap after
{Heap after GC invocations=12629 (full 21):
 PSYoungGen      total 5632K, used 686K [0x00000000d5580000, 0x00000000d5c00000, 0x0000000100000000)
  eden space 4608K, 0% used [0x00000000d5580000,0x00000000d5580000,0x00000000d5a00000)
  from space 1024K, 67% used [0x00000000d5a00000,0x00000000d5aabb20,0x00000000d5b00000)
  to   space 1024K, 0% used [0x00000000d5b00000,0x00000000d5b00000,0x00000000d5c00000)
 ParOldGen       total 864256K, used 863817K [0x0000000080000000, 0x00000000b4c00000, 0x00000000d5580000)
  object space 864256K, 99% used [0x0000000080000000,0x00000000b4b925e0,0x00000000b4c00000)
 Metaspace       used 94886K, committed 96512K, reserved 1179648K
  class space    used 9182K, committed 9984K, reserved 1048576K
}
Event: 325384.023 GC heap before
{Heap before GC invocations=12630 (full 21):
 PSYoungGen      total 5632K, used 5294K [0x00000000d5580000, 0x00000000d5c00000, 0x0000000100000000)
  eden space 4608K, 100% used [0x00000000d5580000,0x00000000d5a00000,0x00000000d5a00000)
  from space 1024K, 67% used [0x00000000d5a00000,0x00000000d5aabb20,0x00000000d5b00000)
  to   space 1024K, 0% used [0x00000000d5b00000,0x00000000d5b00000,0x00000000d5c00000)
 ParOldGen       total 864256K, used 863817K [0x0000000080000000, 0x00000000b4c00000, 0x00000000d5580000)
  object space 864256K, 99% used [0x0000000080000000,0x00000000b4b925e0,0x00000000b4c00000)
 Metaspace       used 94886K, committed 96512K, reserved 1179648K
  class space    used 9182K, committed 9984K, reserved 1048576K
}
Event: 325384.035 GC heap after
{Heap after GC invocations=12630 (full 21):
 PSYoungGen      total 5632K, used 774K [0x00000000d5580000, 0x00000000d5c00000, 0x0000000100000000)
  eden space 4608K, 0% used [0x00000000d5580000,0x00000000d5580000,0x00000000d5a00000)
  from space 1024K, 75% used [0x00000000d5b00000,0x00000000d5bc18d8,0x00000000d5c00000)
  to   space 1024K, 0% used [0x00000000d5a00000,0x00000000d5a00000,0x00000000d5b00000)
 ParOldGen       total 864768K, used 864311K [0x0000000080000000, 0x00000000b4c80000, 0x00000000d5580000)
  object space 864768K, 99% used [0x0000000080000000,0x00000000b4c0dc30,0x00000000b4c80000)
 Metaspace       used 94886K, committed 96512K, reserved 1179648K
  class space    used 9182K, committed 9984K, reserved 1048576K
}
Event: 325384.235 GC heap before
{Heap before GC invocations=12631 (full 21):
 PSYoungGen      total 5632K, used 5382K [0x00000000d5580000, 0x00000000d5c00000, 0x0000000100000000)
  eden space 4608K, 100% used [0x00000000d5580000,0x00000000d5a00000,0x00000000d5a00000)
  from space 1024K, 75% used [0x00000000d5b00000,0x00000000d5bc18d8,0x00000000d5c00000)
  to   space 1024K, 0% used [0x00000000d5a00000,0x00000000d5a00000,0x00000000d5b00000)
 ParOldGen       total 864768K, used 864311K [0x0000000080000000, 0x00000000b4c80000, 0x00000000d5580000)
  object space 864768K, 99% used [0x0000000080000000,0x00000000b4c0dc30,0x00000000b4c80000)
 Metaspace       used 94886K, committed 96512K, reserved 1179648K
  class space    used 9182K, committed 9984K, reserved 1048576K
}
Event: 325384.243 GC heap after
{Heap after GC invocations=12631 (full 21):
 PSYoungGen      total 5632K, used 480K [0x00000000d5580000, 0x00000000d5c00000, 0x0000000100000000)
  eden space 4608K, 0% used [0x00000000d5580000,0x00000000d5580000,0x00000000d5a00000)
  from space 1024K, 46% used [0x00000000d5a00000,0x00000000d5a78000,0x00000000d5b00000)
  to   space 1024K, 0% used [0x00000000d5b00000,0x00000000d5b00000,0x00000000d5c00000)
 ParOldGen       total 865280K, used 864987K [0x0000000080000000, 0x00000000b4d00000, 0x00000000d5580000)
  object space 865280K, 99% used [0x0000000080000000,0x00000000b4cb6d78,0x00000000b4d00000)
 Metaspace       used 94886K, committed 96512K, reserved 1179648K
  class space    used 9182K, committed 9984K, reserved 1048576K
}
Event: 325385.069 GC heap before
{Heap before GC invocations=12632 (full 21):
 PSYoungGen      total 5632K, used 5088K [0x00000000d5580000, 0x00000000d5c00000, 0x0000000100000000)
  eden space 4608K, 100% used [0x00000000d5580000,0x00000000d5a00000,0x00000000d5a00000)
  from space 1024K, 46% used [0x00000000d5a00000,0x00000000d5a78000,0x00000000d5b00000)
  to   space 1024K, 0% used [0x00000000d5b00000,0x00000000d5b00000,0x00000000d5c00000)
 ParOldGen       total 865280K, used 864987K [0x0000000080000000, 0x00000000b4d00000, 0x00000000d5580000)
  object space 865280K, 99% used [0x0000000080000000,0x00000000b4cb6d78,0x00000000b4d00000)
 Metaspace       used 94886K, committed 96512K, reserved 1179648K
  class space    used 9182K, committed 9984K, reserved 1048576K
}
Event: 325385.076 GC heap after
{Heap after GC invocations=12632 (full 21):
 PSYoungGen      total 5632K, used 726K [0x00000000d5580000, 0x00000000d5c00000, 0x0000000100000000)
  eden space 4608K, 0% used [0x00000000d5580000,0x00000000d5580000,0x00000000d5a00000)
  from space 1024K, 70% used [0x00000000d5b00000,0x00000000d5bb5b28,0x00000000d5c00000)
  to   space 1024K, 0% used [0x00000000d5a00000,0x00000000d5a00000,0x00000000d5b00000)
 ParOldGen       total 865792K, used 865355K [0x0000000080000000, 0x00000000b4d80000, 0x00000000d5580000)
  object space 865792K, 99% used [0x0000000080000000,0x00000000b4d12d98,0x00000000b4d80000)
 Metaspace       used 94886K, committed 96512K, reserved 1179648K
  class space    used 9182K, committed 9984K, reserved 1048576K
}

