# JRE version: OpenJDK Runtime Environment Temurin-21.0.9+10 (21.0.9+10) (build 21.0.9+10-LTS)
# Java VM: OpenJDK 64-Bit Server VM Temurin-21.0.9+10 (21.0.9+10-LTS, mixed mode, sharing, tiered, compressed oops, compressed class ptrs, parallel gc, windows-amd64)
GC Precious Log:
 CardTable entry size: 512
 CPUs: 8 total, 8 available
 Memory: 7971M
 Large Page Support: Disabled
 NUMA Support: Disabled
 Compressed Oops: Enabled (32-bit)
 Alignments: Space 512K, Generation 512K, Heap 2M
 Heap Min Capacity: 100M
 Heap Initial Capacity: 100M
 Heap Max Capacity: 2G
 Pre-touch: Disabled
 Parallel Workers: 8
Heap:
 PSYoungGen      total 3072K, used 740K [0x00000000d5580000, 0x00000000d5980000, 0x0000000100000000)
  eden space 2560K, 13% used [0x00000000d5580000,0x00000000d55d5260,0x00000000d5800000)
  from space 512K, 78% used [0x00000000d5880000,0x00000000d58e4030,0x00000000d5900000)
  to   space 512K, 0% used [0x00000000d5900000,0x00000000d5900000,0x00000000d5980000)
 ParOldGen       total 1225728K, used 1225243K [0x0000000080000000, 0x00000000cad00000, 0x00000000d5580000)
  object space 1225728K, 99% used [0x0000000080000000,0x00000000cac86c88,0x00000000cad00000)
 Metaspace       used 87941K, committed 89792K, reserved 1179648K
  class space    used 8624K, committed 9472K, reserved 1048576K
GC Heap History (20 events):
Event: 22546.139 GC heap before
{Heap before GC invocations=4457 (full 4):
 PSYoungGen      total 3072K, used 2720K [0x00000000d5580000, 0x00000000d5980000, 0x0000000100000000)
  eden space 2560K, 100% used [0x00000000d5580000,0x00000000d5800000,0x00000000d5800000)
  from space 512K, 31% used [0x00000000d5880000,0x00000000d58a8000,0x00000000d5900000)
  to   space 512K, 0% used [0x00000000d5900000,0x00000000d5900000,0x00000000d5980000)
 ParOldGen       total 1224704K, used 1224627K [0x0000000080000000, 0x00000000cac00000, 0x00000000d5580000)
  object space 1224704K, 99% used [0x0000000080000000,0x00000000cabecc88,0x00000000cac00000)
 Metaspace       used 87892K, committed 89728K, reserved 1179648K
  class space    used 8615K, committed 9472K, reserved 1048576K
}
Event: 22546.144 GC heap after
{Heap after GC invocations=4457 (full 4):
 PSYoungGen      total 3072K, used 224K [0x00000000d5580000, 0x00000000d5980000, 0x0000000100000000)
  eden space 2560K, 0% used [0x00000000d5580000,0x00000000d5580000,0x00000000d5800000)
  from space 512K, 43% used [0x00000000d5900000,0x00000000d5938000,0x00000000d5980000)
  to   space 512K, 0% used [0x00000000d5880000,0x00000000d5880000,0x00000000d5900000)
 ParOldGen       total 1224704K, used 1224699K [0x0000000080000000, 0x00000000cac00000, 0x00000000d5580000)
  object space 1224704K, 99% used [0x0000000080000000,0x00000000cabfec88,0x00000000cac00000)
 Metaspace       used 87892K, committed 89728K, reserved 1179648K
  class space    used 8615K, committed 9472K, reserved 1048576K
}
Event: 22546.208 GC heap before
{Heap before GC invocations=4458 (full 4):
 PSYoungGen      total 3072K, used 2784K [0x00000000d5580000, 0x00000000d5980000, 0x0000000100000000)
  eden space 2560K, 100% used [0x00000000d5580000,0x00000000d5800000,0x00000000d5800000)
  from space 512K, 43% used [0x00000000d5900000,0x00000000d5938000,0x00000000d5980000)
  to   space 512K, 0% used [0x00000000d5880000,0x00000000d5880000,0x00000000d5900000)
 ParOldGen       total 1224704K, used 1224699K [0x0000000080000000, 0x00000000cac00000, 0x00000000d5580000)
  object space 1224704K, 99% used [0x0000000080000000,0x00000000cabfec88,0x00000000cac00000)
 Metaspace       used 87892K, committed 89728K, reserved 1179648K
  class space    used 8615K, committed 9472K, reserved 1048576K
}
Event: 22546.211 GC heap after
{Heap after GC invocations=4458 (full 4):
 PSYoungGen      total 3072K, used 320K [0x00000000d5580000, 0x00000000d5980000, 0x0000000100000000)
  eden space 2560K, 0% used [0x00000000d5580000,0x00000000d5580000,0x00000000d5800000)
  from space 512K, 62% used [0x00000000d5880000,0x00000000d58d0000,0x00000000d5900000)
  to   space 512K, 0% used [0x00000000d5900000,0x00000000d5900000,0x00000000d5980000)
 ParOldGen       total 1225216K, used 1224763K [0x0000000080000000, 0x00000000cac80000, 0x00000000d5580000)
  object space 1225216K, 99% used [0x0000000080000000,0x00000000cac0ec88,0x00000000cac80000)
 Metaspace       used 87892K, committed 89728K, reserved 1179648K
  class space    used 8615K, committed 9472K, reserved 1048576K
}
Event: 22546.272 GC heap before
{Heap before GC invocations=4459 (full 4):
 PSYoungGen      total 3072K, used 2880K [0x00000000d5580000, 0x00000000d5980000, 0x0000000100000000)
  eden space 2560K, 100% used [0x00000000d5580000,0x00000000d5800000,0x00000000d5800000)
  from space 512K, 62% used [0x00000000d5880000,0x00000000d58d0000,0x00000000d5900000)
  to   space 512K, 0% used [0x00000000d5900000,0x00000000d5900000,0x00000000d5980000)
 ParOldGen       total 1225216K, used 1224763K [0x0000000080000000, 0x00000000cac80000, 0x00000000d5580000)
  object space 1225216K, 99% used [0x0000000080000000,0x00000000cac0ec88,0x00000000cac80000)
 Metaspace       used 87892K, committed 89728K, reserved 1179648K
  class space    used 8615K, committed 9472K, reserved 1048576K
}
Event: 22546.275 GC heap after
{Heap after GC invocations=4459 (full 4):
 PSYoungGen      total 3072K, used 288K [0x00000000d5580000, 0x00000000d5980000, 0x0000000100000000)
  eden space 2560K, 0% used [0x00000000d5580000,0x00000000d5580000,0x00000000d5800000)
  from space 512K, 56% used [0x00000000d5900000,0x00000000d5948000,0x00000000d5980000)
  to   space 512K, 0% used [0x00000000d5880000,0x00000000d5880000,0x00000000d5900000)
 ParOldGen       total 1225216K, used 1224843K [0x0000000080000000, 0x00000000cac80000, 0x00000000d5580000)
  object space 1225216K, 99% used [0x0000000080000000,0x00000000cac22c88,0x00000000cac80000)
 Metaspace       used 87892K, committed 89728K, reserved 1179648K
  class space    used 8615K, committed 9472K, reserved 1048576K
}
Event: 22565.322 GC heap before
{Heap before GC invocations=4460 (full 4):
 PSYoungGen      total 3072K, used 2848K [0x00000000d5580000, 0x00000000d5980000, 0x0000000100000000)
  eden space 2560K, 100% used [0x00000000d5580000,0x00000000d5800000,0x00000000d5800000)
  from space 512K, 56% used [0x00000000d5900000,0x00000000d5948000,0x00000000d5980000)
  to   space 512K, 0% used [0x00000000d5880000,0x00000000d5880000,0x00000000d5900000)
 ParOldGen       total 1225216K, used 1224843K [0x0000000080000000, 0x00000000cac80000, 0x00000000d5580000)
  object space 1225216K, 99% used [0x0000000080000000,0x00000000cac22c88,0x00000000cac80000)
 Metaspace       used 87894K, committed 89728K, reserved 1179648K
  class space    used 8615K, committed 9472K, reserved 1048576K
}
Event: 22565.332 GC heap after
{Heap after GC invocations=4460 (full 4):
 PSYoungGen      total 3072K, used 304K [0x00000000d5580000, 0x00000000d5980000, 0x0000000100000000)
  eden space 2560K, 0% used [0x00000000d5580000,0x00000000d5580000,0x00000000d5800000)
  from space 512K, 59% used [0x00000000d5880000,0x00000000d58cc010,0x00000000d5900000)
  to   space 512K, 0% used [0x00000000d5900000,0x00000000d5900000,0x00000000d5980000)
 ParOldGen       total 1225216K, used 1224843K [0x0000000080000000, 0x00000000cac80000, 0x00000000d5580000)
  object space 1225216K, 99% used [0x0000000080000000,0x00000000cac22c88,0x00000000cac80000)
 Metaspace       used 87894K, committed 89728K, reserved 1179648K
  class space    used 8615K, committed 9472K, reserved 1048576K
}
Event: 22565.469 GC heap before
{Heap before GC invocations=4461 (full 4):
 PSYoungGen      total 3072K, used 2864K [0x00000000d5580000, 0x00000000d5980000, 0x0000000100000000)
  eden space 2560K, 100% used [0x00000000d5580000,0x00000000d5800000,0x00000000d5800000)
  from space 512K, 59% used [0x00000000d5880000,0x00000000d58cc010,0x00000000d5900000)
  to   space 512K, 0% used [0x00000000d5900000,0x00000000d5900000,0x00000000d5980000)
 ParOldGen       total 1225216K, used 1224843K [0x0000000080000000, 0x00000000cac80000, 0x00000000d5580000)
  object space 1225216K, 99% used [0x0000000080000000,0x00000000cac22c88,0x00000000cac80000)
 Metaspace       used 87901K, committed 89728K, reserved 1179648K
  class space    used 8616K, committed 9472K, reserved 1048576K
}
Event: 22565.476 GC heap after
{Heap after GC invocations=4461 (full 4):
 PSYoungGen      total 3072K, used 320K [0x00000000d5580000, 0x00000000d5980000, 0x0000000100000000)
  eden space 2560K, 0% used [0x00000000d5580000,0x00000000d5580000,0x00000000d5800000)
  from space 512K, 62% used [0x00000000d5900000,0x00000000d5950000,0x00000000d5980000)
  to   space 512K, 0% used [0x00000000d5880000,0x00000000d5880000,0x00000000d5900000)
 ParOldGen       total 1225216K, used 1224955K [0x0000000080000000, 0x00000000cac80000, 0x00000000d5580000)
  object space 1225216K, 99% used [0x0000000080000000,0x00000000cac3ec88,0x00000000cac80000)
 Metaspace       used 87901K, committed 89728K, reserved 1179648K
  class space    used 8616K, committed 9472K, reserved 1048576K
}
Event: 22565.580 GC heap before
{Heap before GC invocations=4462 (full 4):
 PSYoungGen      total 3072K, used 2880K [0x00000000d5580000, 0x00000000d5980000, 0x0000000100000000)
  eden space 2560K, 100% used [0x00000000d5580000,0x00000000d5800000,0x00000000d5800000)
  from space 512K, 62% used [0x00000000d5900000,0x00000000d5950000,0x00000000d5980000)
  to   space 512K, 0% used [0x00000000d5880000,0x00000000d5880000,0x00000000d5900000)
 ParOldGen       total 1225216K, used 1224955K [0x0000000080000000, 0x00000000cac80000, 0x00000000d5580000)
  object space 1225216K, 99% used [0x0000000080000000,0x00000000cac3ec88,0x00000000cac80000)
 Metaspace       used 87941K, committed 89792K, reserved 1179648K
  class space    used 8624K, committed 9472K, reserved 1048576K
}
Event: 22565.584 GC heap after
{Heap after GC invocations=4462 (full 4):
 PSYoungGen      total 3072K, used 192K [0x00000000d5580000, 0x00000000d5980000, 0x0000000100000000)
  eden space 2560K, 0% used [0x00000000d5580000,0x00000000d5580000,0x00000000d5800000)
  from space 512K, 37% used [0x00000000d5880000,0x00000000d58b0000,0x00000000d5900000)
  to   space 512K, 0% used [0x00000000d5900000,0x00000000d5900000,0x00000000d5980000)
 ParOldGen       total 1225216K, used 1225075K [0x0000000080000000, 0x00000000cac80000, 0x00000000d5580000)
  object space 1225216K, 99% used [0x0000000080000000,0x00000000cac5cc88,0x00000000cac80000)
 Metaspace       used 87941K, committed 89792K, reserved 1179648K
  class space    used 8624K, committed 9472K, reserved 1048576K
}
Event: 22565.634 GC heap before
{Heap before GC invocations=4463 (full 4):
 PSYoungGen      total 3072K, used 2752K [0x00000000d5580000, 0x00000000d5980000, 0x0000000100000000)
  eden space 2560K, 100% used [0x00000000d5580000,0x00000000d5800000,0x00000000d5800000)
  from space 512K, 37% used [0x00000000d5880000,0x00000000d58b0000,0x00000000d5900000)
  to   space 512K, 0% used [0x00000000d5900000,0x00000000d5900000,0x00000000d5980000)
 ParOldGen       total 1225216K, used 1225075K [0x0000000080000000, 0x00000000cac80000, 0x00000000d5580000)
  object space 1225216K, 99% used [0x0000000080000000,0x00000000cac5cc88,0x00000000cac80000)
 Metaspace       used 87941K, committed 89792K, reserved 1179648K
  class space    used 8624K, committed 9472K, reserved 1048576K
}
Event: 22565.637 GC heap after
{Heap after GC invocations=4463 (full 4):
 PSYoungGen      total 3072K, used 288K [0x00000000d5580000, 0x00000000d5980000, 0x0000000100000000)
  eden space 2560K, 0% used [0x00000000d5580000,0x00000000d5580000,0x00000000d5800000)
  from space 512K, 56% used [0x00000000d5900000,0x00000000d5948000,0x00000000d5980000)
  to   space 512K, 0% used [0x00000000d5880000,0x00000000d5880000,0x00000000d5900000)
 ParOldGen       total 1225216K, used 1225155K [0x0000000080000000, 0x00000000cac80000, 0x00000000d5580000)
  object space 1225216K, 99% used [0x0000000080000000,0x00000000cac70c88,0x00000000cac80000)
 Metaspace       used 87941K, committed 89792K, reserved 1179648K
  class space    used 8624K, committed 9472K, reserved 1048576K
}
Event: 22565.679 GC heap before
{Heap before GC invocations=4464 (full 4):
 PSYoungGen      total 3072K, used 2848K [0x00000000d5580000, 0x00000000d5980000, 0x0000000100000000)
  eden space 2560K, 100% used [0x00000000d5580000,0x00000000d5800000,0x00000000d5800000)
  from space 512K, 56% used [0x00000000d5900000,0x00000000d5948000,0x00000000d5980000)
  to   space 512K, 0% used [0x00000000d5880000,0x00000000d5880000,0x00000000d5900000)
 ParOldGen       total 1225216K, used 1225155K [0x0000000080000000, 0x00000000cac80000, 0x00000000d5580000)
  object space 1225216K, 99% used [0x0000000080000000,0x00000000cac70c88,0x00000000cac80000)
 Metaspace       used 87941K, committed 89792K, reserved 1179648K
  class space    used 8624K, committed 9472K, reserved 1048576K
}
Event: 22565.682 GC heap after
{Heap after GC invocations=4464 (full 4):
 PSYoungGen      total 3072K, used 256K [0x00000000d5580000, 0x00000000d5980000, 0x0000000100000000)
  eden space 2560K, 0% used [0x00000000d5580000,0x00000000d5580000,0x00000000d5800000)
  from space 512K, 50% used [0x00000000d5880000,0x00000000d58c0000,0x00000000d5900000)
  to   space 512K, 0% used [0x00000000d5900000,0x00000000d5900000,0x00000000d5980000)
 ParOldGen       total 1225216K, used 1225195K [0x0000000080000000, 0x00000000cac80000, 0x00000000d5580000)
  object space 1225216K, 99% used [0x0000000080000000,0x00000000cac7ac88,0x00000000cac80000)
 Metaspace       used 87941K, committed 89792K, reserved 1179648K
  class space    used 8624K, committed 9472K, reserved 1048576K
}
Event: 22565.754 GC heap before
{Heap before GC invocations=4465 (full 4):
 PSYoungGen      total 3072K, used 2816K [0x00000000d5580000, 0x00000000d5980000, 0x0000000100000000)
  eden space 2560K, 100% used [0x00000000d5580000,0x00000000d5800000,0x00000000d5800000)
  from space 512K, 50% used [0x00000000d5880000,0x00000000d58c0000,0x00000000d5900000)
  to   space 512K, 0% used [0x00000000d5900000,0x00000000d5900000,0x00000000d5980000)
 ParOldGen       total 1225216K, used 1225195K [0x0000000080000000, 0x00000000cac80000, 0x00000000d5580000)
  object space 1225216K, 99% used [0x0000000080000000,0x00000000cac7ac88,0x00000000cac80000)
 Metaspace       used 87941K, committed 89792K, reserved 1179648K
  class space    used 8624K, committed 9472K, reserved 1048576K
}
Event: 22565.758 GC heap after
{Heap after GC invocations=4465 (full 4):
 PSYoungGen      total 3072K, used 288K [0x00000000d5580000, 0x00000000d5980000, 0x0000000100000000)
  eden space 2560K, 0% used [0x00000000d5580000,0x00000000d5580000,0x00000000d5800000)
  from space 512K, 56% used [0x00000000d5900000,0x00000000d5948000,0x00000000d5980000)
  to   space 512K, 0% used [0x00000000d5880000,0x00000000d5880000,0x00000000d5900000)
 ParOldGen       total 1225728K, used 1225243K [0x0000000080000000, 0x00000000cad00000, 0x00000000d5580000)
  object space 1225728K, 99% used [0x0000000080000000,0x00000000cac86c88,0x00000000cad00000)
 Metaspace       used 87941K, committed 89792K, reserved 1179648K
  class space    used 8624K, committed 9472K, reserved 1048576K
}
Event: 22845.870 GC heap before
{Heap before GC invocations=4466 (full 4):
 PSYoungGen      total 3072K, used 2848K [0x00000000d5580000, 0x00000000d5980000, 0x0000000100000000)
  eden space 2560K, 100% used [0x00000000d5580000,0x00000000d5800000,0x00000000d5800000)
  from space 512K, 56% used [0x00000000d5900000,0x00000000d5948000,0x00000000d5980000)
  to   space 512K, 0% used [0x00000000d5880000,0x00000000d5880000,0x00000000d5900000)
 ParOldGen       total 1225728K, used 1225243K [0x0000000080000000, 0x00000000cad00000, 0x00000000d5580000)
  object space 1225728K, 99% used [0x0000000080000000,0x00000000cac86c88,0x00000000cad00000)
 Metaspace       used 87941K, committed 89792K, reserved 1179648K
  class space    used 8624K, committed 9472K, reserved 1048576K
}
Event: 22845.923 GC heap after
{Heap after GC invocations=4466 (full 4):
 PSYoungGen      total 3072K, used 400K [0x00000000d5580000, 0x00000000d5980000, 0x0000000100000000)
  eden space 2560K, 0% used [0x00000000d5580000,0x00000000d5580000,0x00000000d5800000)
  from space 512K, 78% used [0x00000000d5880000,0x00000000d58e4030,0x00000000d5900000)
  to   space 512K, 0% used [0x00000000d5900000,0x00000000d5900000,0x00000000d5980000)
 ParOldGen       total 1225728K, used 1225243K [0x0000000080000000, 0x00000000cad00000, 0x00000000d5580000)
  object space 1225728K, 99% used [0x0000000080000000,0x00000000cac86c88,0x00000000cad00000)
 Metaspace       used 87941K, committed 89792K, reserved 1179648K
  class space    used 8624K, committed 9472K, reserved 1048576K
}

